Using pre-set license
Built from '2020.3/release' branch; Version is '2020.3.7f1 (dd97f2c94397) revision 14522354'; Using compiler version '192528614'; Build Type 'Release'
OS: 'Windows 10 Home Single Language; OS build 19041.928; Version 2004; 64bit' Language: 'en' Physical Memory: 6020 MB
BatchMode: 1, IsHumanControllingUs: 0, StartBugReporterOnCrash: 0, Is64bit: 1, IsPro: 0

 COMMAND LINE ARGUMENTS:
C:\Program Files\Unity\Hub\Editor\2020.3.7f1\Editor\Unity.exe
-adb2
-batchMode
-noUpm
-name
AssetImportWorker3
-projectPath
C:/CDP Studio/ProjectAether/Project Aether
-logFile
Logs/AssetImportWorker3.log
-srvPort
52281
Successfully changed project path to: C:/CDP Studio/ProjectAether/Project Aether
C:/CDP Studio/ProjectAether/Project Aether
Using Asset Import Pipeline V2.
Refreshing native plugins compatible for Editor in 37.28 ms, found 0 plugins.
Preloading 0 native plugins for Editor in 0.00 ms.
Initialize engine version: 2020.3.7f1 (dd97f2c94397)
[Subsystems] Discovering subsystems at path C:/Program Files/Unity/Hub/Editor/2020.3.7f1/Editor/Data/Resources/UnitySubsystems
[Subsystems] Discovering subsystems at path C:/CDP Studio/ProjectAether/Project Aether/Assets
GfxDevice: creating device client; threaded=0
Direct3D:
    Version:  Direct3D 11.0 [level 11.1]
    Renderer: AMD Radeon(TM) Vega 8 Graphics (ID=0x15d8)
    Vendor:   
    VRAM:     3010 MB
    Driver:   26.20.14046.3
Initialize mono
Mono path[0] = 'C:/Program Files/Unity/Hub/Editor/2020.3.7f1/Editor/Data/Managed'
Mono path[1] = 'C:/Program Files/Unity/Hub/Editor/2020.3.7f1/Editor/Data/MonoBleedingEdge/lib/mono/unityjit'
Mono config path = 'C:/Program Files/Unity/Hub/Editor/2020.3.7f1/Editor/Data/MonoBleedingEdge/etc'
Using monoOptions --debugger-agent=transport=dt_socket,embedding=1,server=y,suspend=n,address=127.0.0.1:56212
Begin MonoManager ReloadAssembly
Registering precompiled unity dll's ...
Register platform support module: C:/Program Files/Unity/Hub/Editor/2020.3.7f1/Editor/Data/PlaybackEngines/WindowsStandaloneSupport/UnityEditor.WindowsStandalone.Extensions.dll
Registered in 0.004721 seconds.
Native extension for WindowsStandalone target not found
Refreshing native plugins compatible for Editor in 40.05 ms, found 0 plugins.
Preloading 0 native plugins for Editor in 0.00 ms.
Mono: successfully reloaded assembly
- Completed reload, in  4.050 seconds
Platform modules already initialized, skipping
Registering precompiled user dll's ...
Registered in 0.001775 seconds.
Begin MonoManager ReloadAssembly
Native extension for WindowsStandalone target not found
Refreshing native plugins compatible for Editor in 0.28 ms, found 0 plugins.
Preloading 0 native plugins for Editor in 0.00 ms.
Mono: successfully reloaded assembly
- Completed reload, in  1.512 seconds
Platform modules already initialized, skipping
========================================================================
Worker process is ready to serve import requests
Launched and connected shader compiler UnityShaderCompiler.exe after 0.13 seconds
Refreshing native plugins compatible for Editor in 0.30 ms, found 0 plugins.
Preloading 0 native plugins for Editor in 0.00 ms.
Unloading 1121 Unused Serialized files (Serialized files now loaded: 0)
System memory in use before: 71.4 MB.
System memory in use after: 71.5 MB.

Unloading 9 unused Assets to reduce memory usage. Loaded Objects now: 1588.
Total: 4.944900 ms (FindLiveObjects: 0.364600 ms CreateObjectMapping: 0.090800 ms MarkObjects: 4.246900 ms  DeleteObjects: 0.237900 ms)

========================================================================
Received Import Request.
  path: Assets/Cube 1.prefab
  artifactKey: Guid(d90030e9f13abaf41a7261a3b91568ed) Importer(815301076,1909f56bfc062723c751e8b465ee728b)
Start importing Assets/Cube 1.prefab using Guid(d90030e9f13abaf41a7261a3b91568ed) Importer(815301076,1909f56bfc062723c751e8b465ee728b)  -> (artifact id: '56a7016c7ee311b08e9b814855feefa3') in 1.071816 seconds
  Import took 1.137857 seconds .

========================================================================
Received Import Request.
  Time since last request: 0.000366 seconds.
  path: Assets/bluefloor.mat
  artifactKey: Guid(e9e7fb2d1c25e2b44b32bfbe6fac025c) Importer(815301076,1909f56bfc062723c751e8b465ee728b)
Start importing Assets/bluefloor.mat using Guid(e9e7fb2d1c25e2b44b32bfbe6fac025c) Importer(815301076,1909f56bfc062723c751e8b465ee728b)  -> (artifact id: 'ae475ac63a1a03887e006d7f3706aaeb') in 1.909150 seconds
  Import took 1.999933 seconds .

========================================================================
Received Import Request.
  Time since last request: 0.000259 seconds.
  path: Assets/Cube.prefab
  artifactKey: Guid(948c82b9a095dd344aa904f8c290a6b3) Importer(815301076,1909f56bfc062723c751e8b465ee728b)
Start importing Assets/Cube.prefab using Guid(948c82b9a095dd344aa904f8c290a6b3) Importer(815301076,1909f56bfc062723c751e8b465ee728b)  -> (artifact id: 'e56da6261344f6868d2d12a8163d6156') in 0.021258 seconds
  Import took 0.161692 seconds .

========================================================================
Received Import Request.
  Time since last request: 391.699319 seconds.
  path: Assets/PlayerMovement2.cs
  artifactKey: Guid(d5a65cf296c9b0e48a58a98de4a9ac76) Importer(815301076,1909f56bfc062723c751e8b465ee728b)
Start importing Assets/PlayerMovement2.cs using Guid(d5a65cf296c9b0e48a58a98de4a9ac76) Importer(815301076,1909f56bfc062723c751e8b465ee728b)  -> (artifact id: '397984321289ee124b7bdd5041fd6339') in 0.303617 seconds
  Import took 0.344305 seconds .

========================================================================
Received Import Request.
  Time since last request: 0.090538 seconds.
  path: Assets/PlayerMovement2.cs
  artifactKey: Guid(d5a65cf296c9b0e48a58a98de4a9ac76) Importer(815301076,1909f56bfc062723c751e8b465ee728b)
Start importing Assets/PlayerMovement2.cs using Guid(d5a65cf296c9b0e48a58a98de4a9ac76) Importer(815301076,1909f56bfc062723c751e8b465ee728b)  -> (artifact id: '397984321289ee124b7bdd5041fd6339') in 0.004366 seconds
  Import took 0.007966 seconds .

========================================================================
Received Prepare
Registering precompiled user dll's ...
Registered in 0.001758 seconds.
Begin MonoManager ReloadAssembly
Native extension for WindowsStandalone target not found
Refreshing native plugins compatible for Editor in 0.41 ms, found 0 plugins.
Preloading 0 native plugins for Editor in 0.00 ms.
Mono: successfully reloaded assembly
- Completed reload, in  1.566 seconds
Platform modules already initialized, skipping
Refreshing native plugins compatible for Editor in 0.40 ms, found 0 plugins.
Preloading 0 native plugins for Editor in 0.00 ms.
Unloading 1116 Unused Serialized files (Serialized files now loaded: 0)
System memory in use before: 74.7 MB.
System memory in use after: 74.8 MB.

Unloading 5 unused Assets to reduce memory usage. Loaded Objects now: 1632.
Total: 2.546300 ms (FindLiveObjects: 0.220100 ms CreateObjectMapping: 0.046600 ms MarkObjects: 2.167200 ms  DeleteObjects: 0.109700 ms)

========================================================================
Received Prepare
Registering precompiled user dll's ...
Registered in 0.001520 seconds.
Begin MonoManager ReloadAssembly
Native extension for WindowsStandalone target not found
Refreshing native plugins compatible for Editor in 0.32 ms, found 0 plugins.
Preloading 0 native plugins for Editor in 0.00 ms.
Mono: successfully reloaded assembly
- Completed reload, in  1.580 seconds
Platform modules already initialized, skipping
Refreshing native plugins compatible for Editor in 0.29 ms, found 0 plugins.
Preloading 0 native plugins for Editor in 0.00 ms.
Unloading 1116 Unused Serialized files (Serialized files now loaded: 0)
System memory in use before: 74.7 MB.
System memory in use after: 74.8 MB.

Unloading 5 unused Assets to reduce memory usage. Loaded Objects now: 1635.
Total: 3.023200 ms (FindLiveObjects: 0.350900 ms CreateObjectMapping: 0.109300 ms MarkObjects: 2.446700 ms  DeleteObjects: 0.113600 ms)

AssetImportWorkerClient::OnTransportError - code=2 error=End of file
