Using pre-set license
Built from '2020.3/release' branch; Version is '2020.3.7f1 (dd97f2c94397) revision 14522354'; Using compiler version '192528614'; Build Type 'Release'
OS: 'Windows 10 Home Single Language; OS build 19041.928; Version 2004; 64bit' Language: 'en' Physical Memory: 6020 MB
BatchMode: 1, IsHumanControllingUs: 0, StartBugReporterOnCrash: 0, Is64bit: 1, IsPro: 0

 COMMAND LINE ARGUMENTS:
C:\Program Files\Unity\Hub\Editor\2020.3.7f1\Editor\Unity.exe
-adb2
-batchMode
-noUpm
-name
AssetImportWorker1
-projectPath
C:/CDP Studio/ProjectAether/Project Aether
-logFile
Logs/AssetImportWorker1.log
-srvPort
50706
Successfully changed project path to: C:/CDP Studio/ProjectAether/Project Aether
C:/CDP Studio/ProjectAether/Project Aether
Using Asset Import Pipeline V2.
Refreshing native plugins compatible for Editor in 42.12 ms, found 0 plugins.
Preloading 0 native plugins for Editor in 0.00 ms.
Initialize engine version: 2020.3.7f1 (dd97f2c94397)
[Subsystems] Discovering subsystems at path C:/Program Files/Unity/Hub/Editor/2020.3.7f1/Editor/Data/Resources/UnitySubsystems
[Subsystems] Discovering subsystems at path C:/CDP Studio/ProjectAether/Project Aether/Assets
GfxDevice: creating device client; threaded=0
Direct3D:
    Version:  Direct3D 11.0 [level 11.1]
    Renderer: AMD Radeon(TM) Vega 8 Graphics (ID=0x15d8)
    Vendor:   
    VRAM:     3010 MB
    Driver:   26.20.14046.3
Initialize mono
Mono path[0] = 'C:/Program Files/Unity/Hub/Editor/2020.3.7f1/Editor/Data/Managed'
Mono path[1] = 'C:/Program Files/Unity/Hub/Editor/2020.3.7f1/Editor/Data/MonoBleedingEdge/lib/mono/unityjit'
Mono config path = 'C:/Program Files/Unity/Hub/Editor/2020.3.7f1/Editor/Data/MonoBleedingEdge/etc'
Using monoOptions --debugger-agent=transport=dt_socket,embedding=1,server=y,suspend=n,address=127.0.0.1:56044
Begin MonoManager ReloadAssembly
Registering precompiled unity dll's ...
Register platform support module: C:/Program Files/Unity/Hub/Editor/2020.3.7f1/Editor/Data/PlaybackEngines/WindowsStandaloneSupport/UnityEditor.WindowsStandalone.Extensions.dll
Registered in 0.006230 seconds.
Native extension for WindowsStandalone target not found
Refreshing native plugins compatible for Editor in 41.07 ms, found 0 plugins.
Preloading 0 native plugins for Editor in 0.00 ms.
Mono: successfully reloaded assembly
- Completed reload, in  4.149 seconds
Platform modules already initialized, skipping
Registering precompiled user dll's ...
Registered in 0.002274 seconds.
Begin MonoManager ReloadAssembly
Native extension for WindowsStandalone target not found
Refreshing native plugins compatible for Editor in 0.30 ms, found 0 plugins.
Preloading 0 native plugins for Editor in 0.00 ms.
Mono: successfully reloaded assembly
- Completed reload, in  1.478 seconds
Platform modules already initialized, skipping
========================================================================
Worker process is ready to serve import requests
Launched and connected shader compiler UnityShaderCompiler.exe after 0.14 seconds
Refreshing native plugins compatible for Editor in 0.70 ms, found 0 plugins.
Preloading 0 native plugins for Editor in 0.00 ms.
Unloading 1121 Unused Serialized files (Serialized files now loaded: 0)
System memory in use before: 71.6 MB.
System memory in use after: 71.7 MB.

Unloading 9 unused Assets to reduce memory usage. Loaded Objects now: 1588.
Total: 2.824900 ms (FindLiveObjects: 0.329800 ms CreateObjectMapping: 0.091300 ms MarkObjects: 2.255800 ms  DeleteObjects: 0.145900 ms)

========================================================================
Received Import Request.
  path: Assets/ModularLowpolyStreetsFree/Prefabs/Roads/Pavement.prefab
  artifactKey: Guid(efe06c0608269fb45a852b9c1aff7526) Importer(815301076,1909f56bfc062723c751e8b465ee728b)
Start importing Assets/ModularLowpolyStreetsFree/Prefabs/Roads/Pavement.prefab using Guid(efe06c0608269fb45a852b9c1aff7526) Importer(815301076,1909f56bfc062723c751e8b465ee728b)  -> (artifact id: '98e1cb73054431a77215c900ff8b0aa7') in 0.623841 seconds
  Import took 0.636560 seconds .

========================================================================
Received Import Request.
  Time since last request: 0.000316 seconds.
  path: Assets/ModularLowpolyStreetsFree/Prefabs/Roads/Crossroads_1_lines_2_walk.prefab
  artifactKey: Guid(610857578956dd14086cc62aeb1c45e0) Importer(815301076,1909f56bfc062723c751e8b465ee728b)
Start importing Assets/ModularLowpolyStreetsFree/Prefabs/Roads/Crossroads_1_lines_2_walk.prefab using Guid(610857578956dd14086cc62aeb1c45e0) Importer(815301076,1909f56bfc062723c751e8b465ee728b)  -> (artifact id: 'd0a2093d4e3893fca7a824d419fbe4fc') in 0.064992 seconds
  Import took 0.071340 seconds .

========================================================================
Received Import Request.
  Time since last request: 0.000297 seconds.
  path: Assets/ModularLowpolyStreetsFree/Prefabs/Other/Pole_traffic_light.prefab
  artifactKey: Guid(d037f104ae100f4419eba5cca18510ff) Importer(815301076,1909f56bfc062723c751e8b465ee728b)
Start importing Assets/ModularLowpolyStreetsFree/Prefabs/Other/Pole_traffic_light.prefab using Guid(d037f104ae100f4419eba5cca18510ff) Importer(815301076,1909f56bfc062723c751e8b465ee728b)  -> (artifact id: '006edabd37ed0ebf436408f17ba3898f') in 0.981631 seconds
  Import took 0.986158 seconds .

========================================================================
Received Import Request.
  Time since last request: 0.000395 seconds.
  path: Assets/ModularLowpolyStreetsFree/Prefabs/Other/Tree1.prefab
  artifactKey: Guid(28a69432604101f4e8b2e93b7d82201d) Importer(815301076,1909f56bfc062723c751e8b465ee728b)
Start importing Assets/ModularLowpolyStreetsFree/Prefabs/Other/Tree1.prefab using Guid(28a69432604101f4e8b2e93b7d82201d) Importer(815301076,1909f56bfc062723c751e8b465ee728b)  -> (artifact id: '622703b83d9d2b85e6b26d4f8cfbeca3') in 0.037189 seconds
  Import took 0.041897 seconds .

========================================================================
Received Import Request.
  Time since last request: 0.000361 seconds.
  path: Assets/ModularLowpolyStreetsFree/Prefabs
  artifactKey: Guid(3b2c1b2b66a50dd43bcb3e0768c051e0) Importer(815301076,1909f56bfc062723c751e8b465ee728b)
Start importing Assets/ModularLowpolyStreetsFree/Prefabs using Guid(3b2c1b2b66a50dd43bcb3e0768c051e0) Importer(815301076,1909f56bfc062723c751e8b465ee728b)  -> (artifact id: '52c9618137a153d1194ca48a8465fcc4') in 0.004632 seconds
  Import took 0.007897 seconds .

========================================================================
Received Import Request.
  Time since last request: 0.000409 seconds.
  path: Assets/ModularLowpolyStreetsFree/Prefabs/Other/Pole2.prefab
  artifactKey: Guid(002e7cb3d86aa5f4f8a14ffe5a8fe3af) Importer(815301076,1909f56bfc062723c751e8b465ee728b)
Start importing Assets/ModularLowpolyStreetsFree/Prefabs/Other/Pole2.prefab using Guid(002e7cb3d86aa5f4f8a14ffe5a8fe3af) Importer(815301076,1909f56bfc062723c751e8b465ee728b)  -> (artifact id: '02c0f32caca8396950a316df906f3d68') in 0.039737 seconds
  Import took 0.055515 seconds .

========================================================================
Received Import Request.
  Time since last request: 0.000341 seconds.
  path: Assets/ModularLowpolyStreetsFree/Prefabs/Roads/roadtobeused.prefab
  artifactKey: Guid(e023eb6eddb4d8041b28a418f841ad21) Importer(815301076,1909f56bfc062723c751e8b465ee728b)
Start importing Assets/ModularLowpolyStreetsFree/Prefabs/Roads/roadtobeused.prefab using Guid(e023eb6eddb4d8041b28a418f841ad21) Importer(815301076,1909f56bfc062723c751e8b465ee728b)  -> (artifact id: 'aae33270ae9c41808fd902fe5d686c99') in 0.070205 seconds
  Import took 0.077310 seconds .

========================================================================
Received Import Request.
  Time since last request: 0.000347 seconds.
  path: Assets/ModularLowpolyStreetsFree/Prefabs/Other/Pole3.prefab
  artifactKey: Guid(1ce08bd17cd106140abcf13b285e3a2f) Importer(815301076,1909f56bfc062723c751e8b465ee728b)
Start importing Assets/ModularLowpolyStreetsFree/Prefabs/Other/Pole3.prefab using Guid(1ce08bd17cd106140abcf13b285e3a2f) Importer(815301076,1909f56bfc062723c751e8b465ee728b)  -> (artifact id: 'cbbde96194d8772a31f174556a975849') in 0.041472 seconds
  Import took 0.045300 seconds .

========================================================================
Received Import Request.
  Time since last request: 0.000299 seconds.
  path: Assets/ModularLowpolyStreetsFree/Prefabs/Other/Cafe_chair_1.prefab
  artifactKey: Guid(9a2cc7ad1a225a5419653f6000df779b) Importer(815301076,1909f56bfc062723c751e8b465ee728b)
Start importing Assets/ModularLowpolyStreetsFree/Prefabs/Other/Cafe_chair_1.prefab using Guid(9a2cc7ad1a225a5419653f6000df779b) Importer(815301076,1909f56bfc062723c751e8b465ee728b)  -> (artifact id: '9de989c9735aabc78c96d76799e01529') in 0.037844 seconds
  Import took 0.041935 seconds .

========================================================================
Received Import Request.
  Time since last request: 0.000302 seconds.
  path: Assets/ModularLowpolyStreetsFree/Prefabs/Other/Cafe_table_1.prefab
  artifactKey: Guid(b2afe1d4277a42d4fa77ec5e1dda634b) Importer(815301076,1909f56bfc062723c751e8b465ee728b)
Start importing Assets/ModularLowpolyStreetsFree/Prefabs/Other/Cafe_table_1.prefab using Guid(b2afe1d4277a42d4fa77ec5e1dda634b) Importer(815301076,1909f56bfc062723c751e8b465ee728b)  -> (artifact id: '8ac9a59a96a90e09d3d299f330eb03e7') in 0.031345 seconds
  Import took 0.034985 seconds .

========================================================================
Received Import Request.
  Time since last request: 0.000281 seconds.
  path: Assets/ModularLowpolyStreetsFree/Prefabs/Other/Traffic_light.prefab
  artifactKey: Guid(900f03829bb8941428e9260f447d5fba) Importer(815301076,1909f56bfc062723c751e8b465ee728b)
Start importing Assets/ModularLowpolyStreetsFree/Prefabs/Other/Traffic_light.prefab using Guid(900f03829bb8941428e9260f447d5fba) Importer(815301076,1909f56bfc062723c751e8b465ee728b)  -> (artifact id: '2e0c271866ac560f079227e369604a35') in 0.032120 seconds
  Import took 0.043858 seconds .

========================================================================
Received Import Request.
  Time since last request: 0.000231 seconds.
  path: Assets/ModularLowpolyStreetsFree/Prefabs/Roads/Road_1_line.prefab
  artifactKey: Guid(dfec8d9b723b08e4ab4463a1b8f9cd7d) Importer(815301076,1909f56bfc062723c751e8b465ee728b)
Start importing Assets/ModularLowpolyStreetsFree/Prefabs/Roads/Road_1_line.prefab using Guid(dfec8d9b723b08e4ab4463a1b8f9cd7d) Importer(815301076,1909f56bfc062723c751e8b465ee728b)  -> (artifact id: '3684725599dcb3d717b5ba052f1da89d') in 0.068337 seconds
  Import took 0.073660 seconds .

========================================================================
Received Import Request.
  Time since last request: 0.000309 seconds.
  path: Assets/ModularLowpolyStreetsFree/Prefabs/Other/Sewer_grill.prefab
  artifactKey: Guid(1d16f3802fbd9ae488e8ddc41eea5b42) Importer(815301076,1909f56bfc062723c751e8b465ee728b)
Start importing Assets/ModularLowpolyStreetsFree/Prefabs/Other/Sewer_grill.prefab using Guid(1d16f3802fbd9ae488e8ddc41eea5b42) Importer(815301076,1909f56bfc062723c751e8b465ee728b)  -> (artifact id: '2e4f7db94ad393313bc5627e80660329') in 0.035500 seconds
  Import took 0.038961 seconds .

========================================================================
Received Import Request.
  Time since last request: 0.000408 seconds.
  path: Assets/ModularLowpolyStreetsFree/Scenes
  artifactKey: Guid(25b753af47108784b90594d99216ba76) Importer(815301076,1909f56bfc062723c751e8b465ee728b)
Start importing Assets/ModularLowpolyStreetsFree/Scenes using Guid(25b753af47108784b90594d99216ba76) Importer(815301076,1909f56bfc062723c751e8b465ee728b)  -> (artifact id: 'f114aab6f1aa4a418ca44b4dc5545934') in 0.007488 seconds
  Import took 0.011104 seconds .

========================================================================
Received Import Request.
  Time since last request: 0.000294 seconds.
  path: Assets/ModularLowpolyStreetsFree/Prefabs/Other/Pole1.prefab
  artifactKey: Guid(8dd6e4c395c47934d96ec25c17ccbb58) Importer(815301076,1909f56bfc062723c751e8b465ee728b)
Start importing Assets/ModularLowpolyStreetsFree/Prefabs/Other/Pole1.prefab using Guid(8dd6e4c395c47934d96ec25c17ccbb58) Importer(815301076,1909f56bfc062723c751e8b465ee728b)  -> (artifact id: '335dcbb621c79f326a0d72d88b1a2dbd') in 0.032105 seconds
  Import took 0.044021 seconds .

========================================================================
Received Import Request.
  Time since last request: 0.000332 seconds.
  path: Assets/ModularLowpolyStreetsFree/Prefabs/Roads/Crossroads_1_lines_walk.prefab
  artifactKey: Guid(566725c8dfb238f419a8e9342ffaab05) Importer(815301076,1909f56bfc062723c751e8b465ee728b)
Start importing Assets/ModularLowpolyStreetsFree/Prefabs/Roads/Crossroads_1_lines_walk.prefab using Guid(566725c8dfb238f419a8e9342ffaab05) Importer(815301076,1909f56bfc062723c751e8b465ee728b)  -> (artifact id: 'aa40bf7cf61e4fb7c848b1adc2793b57') in 0.057969 seconds
  Import took 0.063196 seconds .

========================================================================
Received Import Request.
  Time since last request: 0.000407 seconds.
  path: Assets/ModularLowpolyStreetsFree/Prefabs/Other/Sewer_hatch.prefab
  artifactKey: Guid(cf9f743314e83f945a022e4e1f773e3e) Importer(815301076,1909f56bfc062723c751e8b465ee728b)
Start importing Assets/ModularLowpolyStreetsFree/Prefabs/Other/Sewer_hatch.prefab using Guid(cf9f743314e83f945a022e4e1f773e3e) Importer(815301076,1909f56bfc062723c751e8b465ee728b)  -> (artifact id: '8e733a1fd44077d0c798ab281b30dad9') in 0.030841 seconds
  Import took 0.034580 seconds .

========================================================================
Received Import Request.
  Time since last request: 0.000346 seconds.
  path: Assets/ModularLowpolyStreetsFree/Prefabs/Roads/Crossroads_1_lines_circ.prefab
  artifactKey: Guid(41531554de1577f419a6c056467182f5) Importer(815301076,1909f56bfc062723c751e8b465ee728b)
Start importing Assets/ModularLowpolyStreetsFree/Prefabs/Roads/Crossroads_1_lines_circ.prefab using Guid(41531554de1577f419a6c056467182f5) Importer(815301076,1909f56bfc062723c751e8b465ee728b)  -> (artifact id: '1f26af290cb30c5abb3b629c11c30cb8') in 0.062113 seconds
  Import took 0.068046 seconds .

========================================================================
Received Import Request.
  Time since last request: 0.000331 seconds.
  path: Assets/ModularLowpolyStreetsFree/Prefabs/Roads/Road_1_line Variant.prefab
  artifactKey: Guid(f22353457af5a36488ee2987a312b964) Importer(815301076,1909f56bfc062723c751e8b465ee728b)
Start importing Assets/ModularLowpolyStreetsFree/Prefabs/Roads/Road_1_line Variant.prefab using Guid(f22353457af5a36488ee2987a312b964) Importer(815301076,1909f56bfc062723c751e8b465ee728b)  -> (artifact id: '8bb16bd95025e22bdb9e88a8d83a55c9') in 0.083836 seconds
  Import took 0.090072 seconds .

========================================================================
Received Import Request.
  Time since last request: 0.000353 seconds.
  path: Assets/ModularLowpolyStreetsFree/Prefabs/Other/Trash_can_1.prefab
  artifactKey: Guid(5621aa4915c640b4da9c0a273c74e932) Importer(815301076,1909f56bfc062723c751e8b465ee728b)
Start importing Assets/ModularLowpolyStreetsFree/Prefabs/Other/Trash_can_1.prefab using Guid(5621aa4915c640b4da9c0a273c74e932) Importer(815301076,1909f56bfc062723c751e8b465ee728b)  -> (artifact id: '328b38df0c48c2b3d1b795b888119e05') in 0.035974 seconds
  Import took 0.040109 seconds .

========================================================================
Received Import Request.
  Time since last request: 0.000279 seconds.
  path: Assets/ModularLowpolyStreetsFree/Prefabs/Other/Hydrant.prefab
  artifactKey: Guid(03d296105c3a0f84cb5140874c2617d3) Importer(815301076,1909f56bfc062723c751e8b465ee728b)
Start importing Assets/ModularLowpolyStreetsFree/Prefabs/Other/Hydrant.prefab using Guid(03d296105c3a0f84cb5140874c2617d3) Importer(815301076,1909f56bfc062723c751e8b465ee728b)  -> (artifact id: 'f55508699c19a4b5864f1e7a72b33bef') in 0.037570 seconds
  Import took 0.041948 seconds .

========================================================================
Received Import Request.
  Time since last request: 0.000330 seconds.
  path: Assets/Scenes/New Scene.unity
  artifactKey: Guid(8fe107d9c6e150d46b0e78831fe08877) Importer(815301076,1909f56bfc062723c751e8b465ee728b)
Start importing Assets/Scenes/New Scene.unity using Guid(8fe107d9c6e150d46b0e78831fe08877) Importer(815301076,1909f56bfc062723c751e8b465ee728b)  -> (artifact id: '2399ed860732bf9e1c44551aefdfe613') in 0.008262 seconds
  Import took 0.012047 seconds .

========================================================================
Received Import Request.
  Time since last request: 0.000330 seconds.
  path: Assets/ModularLowpolyStreetsFree/Prefabs/Roads
  artifactKey: Guid(ce5573bf2f5f34643ab808754f4f0ac1) Importer(815301076,1909f56bfc062723c751e8b465ee728b)
Start importing Assets/ModularLowpolyStreetsFree/Prefabs/Roads using Guid(ce5573bf2f5f34643ab808754f4f0ac1) Importer(815301076,1909f56bfc062723c751e8b465ee728b)  -> (artifact id: 'c20fae6e9f036c5f40f7bc0fe7c9815a') in 0.006332 seconds
  Import took 0.010276 seconds .

========================================================================
Received Import Request.
  Time since last request: 0.000441 seconds.
  path: Assets/ModularLowpolyStreetsFree/Prefabs/Roads/Road_1_line_turn.prefab
  artifactKey: Guid(98ccc622328d9af478c80599fd4022f0) Importer(815301076,1909f56bfc062723c751e8b465ee728b)
Start importing Assets/ModularLowpolyStreetsFree/Prefabs/Roads/Road_1_line_turn.prefab using Guid(98ccc622328d9af478c80599fd4022f0) Importer(815301076,1909f56bfc062723c751e8b465ee728b)  -> (artifact id: '96fc45b7ac40045501f93ffa7186c51a') in 0.078227 seconds
  Import took 0.085664 seconds .

========================================================================
Received Import Request.
  Time since last request: 0.000374 seconds.
  path: Assets/ModularLowpolyStreetsFree/Prefabs/Other
  artifactKey: Guid(ab3b11ceea5fb494eada90470eca9906) Importer(815301076,1909f56bfc062723c751e8b465ee728b)
Start importing Assets/ModularLowpolyStreetsFree/Prefabs/Other using Guid(ab3b11ceea5fb494eada90470eca9906) Importer(815301076,1909f56bfc062723c751e8b465ee728b)  -> (artifact id: 'e3a1369fd2754bf7b01428af7838f8ef') in 0.007135 seconds
  Import took 0.026027 seconds .

========================================================================
Received Import Request.
  Time since last request: 0.000428 seconds.
  path: Assets/ModularLowpolyStreetsFree/Prefabs/Other/Bench_1.prefab
  artifactKey: Guid(f3e46b4b7b1590a4c87983b3645c9a49) Importer(815301076,1909f56bfc062723c751e8b465ee728b)
Start importing Assets/ModularLowpolyStreetsFree/Prefabs/Other/Bench_1.prefab using Guid(f3e46b4b7b1590a4c87983b3645c9a49) Importer(815301076,1909f56bfc062723c751e8b465ee728b)  -> (artifact id: '94bdcb9bee484a4f550282132bf418f1') in 0.028330 seconds
  Import took 0.048774 seconds .

========================================================================
Received Import Request.
  Time since last request: 0.000343 seconds.
  path: Assets/Scenes/SampleScene.unity
  artifactKey: Guid(9fc0d4010bbf28b4594072e72b8655ab) Importer(815301076,1909f56bfc062723c751e8b465ee728b)
Start importing Assets/Scenes/SampleScene.unity using Guid(9fc0d4010bbf28b4594072e72b8655ab) Importer(815301076,1909f56bfc062723c751e8b465ee728b)  -> (artifact id: 'f42a526a0d779e904c4e475e3dea1bbc') in 0.007727 seconds
  Import took 0.011385 seconds .

========================================================================
Received Import Request.
  Time since last request: 0.000319 seconds.
  path: Assets/ModularLowpolyStreetsFree/Prefabs/Other/Traffic_cone.prefab
  artifactKey: Guid(f14800a72eef93b4b8f9e5abc3844f0d) Importer(815301076,1909f56bfc062723c751e8b465ee728b)
Start importing Assets/ModularLowpolyStreetsFree/Prefabs/Other/Traffic_cone.prefab using Guid(f14800a72eef93b4b8f9e5abc3844f0d) Importer(815301076,1909f56bfc062723c751e8b465ee728b)  -> (artifact id: '50702b03603c816048f6433892ec08e5') in 0.024593 seconds
  Import took 0.054215 seconds .

========================================================================
Received Import Request.
  Time since last request: 29.699759 seconds.
  path: Assets/Scenes/map 1.unity
  artifactKey: Guid(8fe107d9c6e150d46b0e78831fe08877) Importer(815301076,1909f56bfc062723c751e8b465ee728b)
Start importing Assets/Scenes/map 1.unity using Guid(8fe107d9c6e150d46b0e78831fe08877) Importer(815301076,1909f56bfc062723c751e8b465ee728b)  -> (artifact id: '01271ba2d0366ebada96ed0315d8f600') in 0.013001 seconds
  Import took 0.016861 seconds .

========================================================================
Received Prepare
Registering precompiled user dll's ...
Registered in 0.001953 seconds.
Begin MonoManager ReloadAssembly
Native extension for WindowsStandalone target not found
Refreshing native plugins compatible for Editor in 0.46 ms, found 0 plugins.
Preloading 0 native plugins for Editor in 0.00 ms.
Mono: successfully reloaded assembly
- Completed reload, in  1.434 seconds
Platform modules already initialized, skipping
Refreshing native plugins compatible for Editor in 0.57 ms, found 0 plugins.
Preloading 0 native plugins for Editor in 0.00 ms.
Unloading 1116 Unused Serialized files (Serialized files now loaded: 0)
System memory in use before: 74.8 MB.
System memory in use after: 74.9 MB.

Unloading 5 unused Assets to reduce memory usage. Loaded Objects now: 1598.
Total: 3.408800 ms (FindLiveObjects: 0.223800 ms CreateObjectMapping: 0.042000 ms MarkObjects: 2.986100 ms  DeleteObjects: 0.154200 ms)

========================================================================
Received Import Request.
  Time since last request: 4091.512946 seconds.
  path: Assets/Azerilo/HQ Racing Car Model No.1203/Prefabs/car 1203 blue.prefab
  artifactKey: Guid(5d2d294a55c8dad4f863791b2ec6aa9e) Importer(815301076,1909f56bfc062723c751e8b465ee728b)
Start importing Assets/Azerilo/HQ Racing Car Model No.1203/Prefabs/car 1203 blue.prefab using Guid(5d2d294a55c8dad4f863791b2ec6aa9e) Importer(815301076,1909f56bfc062723c751e8b465ee728b)  -> (artifact id: 'ca0b5d768c172ab96bede5a0761d0f75') in 0.274609 seconds
  Import took 0.300843 seconds .

========================================================================
Received Import Request.
  Time since last request: 0.000279 seconds.
  path: Assets/ModularLowpolyStreetsFree/Prefabs/Other/Components/Pole_base_comp.prefab
  artifactKey: Guid(687bed6654853fc48b16eb6a7e6d22de) Importer(815301076,1909f56bfc062723c751e8b465ee728b)
Start importing Assets/ModularLowpolyStreetsFree/Prefabs/Other/Components/Pole_base_comp.prefab using Guid(687bed6654853fc48b16eb6a7e6d22de) Importer(815301076,1909f56bfc062723c751e8b465ee728b)  -> (artifact id: 'd5c4f3d5e0cc7205bf2eb6a513924b8f') in 0.026171 seconds
  Import took 0.029757 seconds .

========================================================================
Received Import Request.
  Time since last request: 0.000403 seconds.
  path: Assets/ModularLowpolyStreetsFree/Prefabs/Other/Components/Traffic_light_EU_comp.prefab
  artifactKey: Guid(1090f9c6b3e14ab4981676a3bb078f44) Importer(815301076,1909f56bfc062723c751e8b465ee728b)
Start importing Assets/ModularLowpolyStreetsFree/Prefabs/Other/Components/Traffic_light_EU_comp.prefab using Guid(1090f9c6b3e14ab4981676a3bb078f44) Importer(815301076,1909f56bfc062723c751e8b465ee728b)  -> (artifact id: '79cb997b4dbaca2bc63877364ebff658') in 0.032162 seconds
  Import took 0.035375 seconds .

========================================================================
Received Import Request.
  Time since last request: 0.000293 seconds.
  path: Assets/ModularLowpolyStreetsFree/Prefabs/Other/Components/Pole_light_comp.prefab
  artifactKey: Guid(a86700941998d83419a81fe06b94fc4e) Importer(815301076,1909f56bfc062723c751e8b465ee728b)
Start importing Assets/ModularLowpolyStreetsFree/Prefabs/Other/Components/Pole_light_comp.prefab using Guid(a86700941998d83419a81fe06b94fc4e) Importer(815301076,1909f56bfc062723c751e8b465ee728b)  -> (artifact id: 'c06e094a5dacc3bc3b1c7f694f660961') in 0.027632 seconds
  Import took 0.030559 seconds .

========================================================================
Received Import Request.
  Time since last request: 0.000272 seconds.
  path: Assets/ModularLowpolyStreetsFree/Prefabs/Complex/Crossroads_2.prefab
  artifactKey: Guid(8f352fc1555608546b47a1dd0630ba96) Importer(815301076,1909f56bfc062723c751e8b465ee728b)
Start importing Assets/ModularLowpolyStreetsFree/Prefabs/Complex/Crossroads_2.prefab using Guid(8f352fc1555608546b47a1dd0630ba96) Importer(815301076,1909f56bfc062723c751e8b465ee728b)  -> (artifact id: '2b4e7e3bd952c55149a5f5c106527cc3') in 0.116125 seconds
  Import took 0.122208 seconds .

========================================================================
Received Import Request.
  Time since last request: 0.000271 seconds.
  path: Assets/ModularLowpolyStreetsFree/Prefabs/Other/Components/Tree_area_1_comp.prefab
  artifactKey: Guid(97b8829923f1e05419b5d6e04df40c24) Importer(815301076,1909f56bfc062723c751e8b465ee728b)
Start importing Assets/ModularLowpolyStreetsFree/Prefabs/Other/Components/Tree_area_1_comp.prefab using Guid(97b8829923f1e05419b5d6e04df40c24) Importer(815301076,1909f56bfc062723c751e8b465ee728b)  -> (artifact id: 'a11b6c02cc6d0b0c7a88ded55c1c0de9') in 0.021314 seconds
  Import took 0.024595 seconds .

========================================================================
Received Import Request.
  Time since last request: 0.000297 seconds.
  path: Assets/Azerilo/HQ Racing Car Model No.1203/Prefabs/wheel_front_right.prefab
  artifactKey: Guid(ca970b0687dbd6f46baed8c70137e880) Importer(815301076,1909f56bfc062723c751e8b465ee728b)
Start importing Assets/Azerilo/HQ Racing Car Model No.1203/Prefabs/wheel_front_right.prefab using Guid(ca970b0687dbd6f46baed8c70137e880) Importer(815301076,1909f56bfc062723c751e8b465ee728b)  -> (artifact id: '604a80e373dc3e9f5573a04846431fd0') in 0.064106 seconds
  Import took 0.067702 seconds .

========================================================================
Received Import Request.
  Time since last request: 0.000266 seconds.
  path: Assets/ModularLowpolyStreetsFree/Prefabs/Other/Components/Tree_1_comp.prefab
  artifactKey: Guid(aa94a0fc203a0fa4e93aa20245f319b0) Importer(815301076,1909f56bfc062723c751e8b465ee728b)
Start importing Assets/ModularLowpolyStreetsFree/Prefabs/Other/Components/Tree_1_comp.prefab using Guid(aa94a0fc203a0fa4e93aa20245f319b0) Importer(815301076,1909f56bfc062723c751e8b465ee728b)  -> (artifact id: 'bc99bd280082941cf4a684031c349628') in 0.021170 seconds
  Import took 0.024900 seconds .

========================================================================
Received Import Request.
  Time since last request: 0.000350 seconds.
  path: Assets/ModularLowpolyStreetsFree/Prefabs/Other/Components/Traffic_ligth_EU_holder_comp.prefab
  artifactKey: Guid(1737363912a7aea43a9a1860fe5475df) Importer(815301076,1909f56bfc062723c751e8b465ee728b)
Start importing Assets/ModularLowpolyStreetsFree/Prefabs/Other/Components/Traffic_ligth_EU_holder_comp.prefab using Guid(1737363912a7aea43a9a1860fe5475df) Importer(815301076,1909f56bfc062723c751e8b465ee728b)  -> (artifact id: '093c41651380f819a24a84d71030205f') in 0.031079 seconds
  Import took 0.035521 seconds .

========================================================================
Received Import Request.
  Time since last request: 0.000283 seconds.
  path: Assets/ModularLowpolyStreetsFree/Prefabs/Complex/Road_1_line_5m.prefab
  artifactKey: Guid(105ea11a9af6f324fad068c4b2021ed4) Importer(815301076,1909f56bfc062723c751e8b465ee728b)
Start importing Assets/ModularLowpolyStreetsFree/Prefabs/Complex/Road_1_line_5m.prefab using Guid(105ea11a9af6f324fad068c4b2021ed4) Importer(815301076,1909f56bfc062723c751e8b465ee728b)  -> (artifact id: '20f19acad615620e70bb5827a633f638') in 0.074901 seconds
  Import took 0.081560 seconds .

========================================================================
Received Import Request.
  Time since last request: 0.000400 seconds.
  path: Assets/ModularLowpolyStreetsFree/Prefabs/Complex/Crossroads_circ.prefab
  artifactKey: Guid(d175b2d114b22ec43bdb82765e45905e) Importer(815301076,1909f56bfc062723c751e8b465ee728b)
Start importing Assets/ModularLowpolyStreetsFree/Prefabs/Complex/Crossroads_circ.prefab using Guid(d175b2d114b22ec43bdb82765e45905e) Importer(815301076,1909f56bfc062723c751e8b465ee728b)  -> (artifact id: 'd75cfe5c5c3e79172e2d35aa1fc616eb') in 0.091414 seconds
  Import took 0.109158 seconds .

========================================================================
Received Import Request.
  Time since last request: 0.000257 seconds.
  path: Assets/ModularLowpolyStreetsFree/Prefabs/Complex/Road_1_line_10m.prefab
  artifactKey: Guid(4563cd8ca3d35de49ab2f8b59f8f2f0e) Importer(815301076,1909f56bfc062723c751e8b465ee728b)
Start importing Assets/ModularLowpolyStreetsFree/Prefabs/Complex/Road_1_line_10m.prefab using Guid(4563cd8ca3d35de49ab2f8b59f8f2f0e) Importer(815301076,1909f56bfc062723c751e8b465ee728b)  -> (artifact id: '2f8c11df7a62783ab5526e02e47e3e6a') in 0.097397 seconds
  Import took 0.104807 seconds .

========================================================================
Received Import Request.
  Time since last request: 0.000430 seconds.
  path: Assets/ModularLowpolyStreetsFree/Prefabs/Complex/Crossroads_1.prefab
  artifactKey: Guid(33ae3a99eddf3ea469439cebc3eb3d44) Importer(815301076,1909f56bfc062723c751e8b465ee728b)
Start importing Assets/ModularLowpolyStreetsFree/Prefabs/Complex/Crossroads_1.prefab using Guid(33ae3a99eddf3ea469439cebc3eb3d44) Importer(815301076,1909f56bfc062723c751e8b465ee728b)  -> (artifact id: 'fe00ec08ac987f1be8ac93c238c94533') in 0.100998 seconds
  Import took 0.108473 seconds .

========================================================================
Received Import Request.
  Time since last request: 0.000327 seconds.
  path: Assets/ModularLowpolyStreetsFree/Prefabs/Complex/Road_turn.prefab
  artifactKey: Guid(a70b9db4c9ca9454483179f178e4aeee) Importer(815301076,1909f56bfc062723c751e8b465ee728b)
Start importing Assets/ModularLowpolyStreetsFree/Prefabs/Complex/Road_turn.prefab using Guid(a70b9db4c9ca9454483179f178e4aeee) Importer(815301076,1909f56bfc062723c751e8b465ee728b)  -> (artifact id: 'bedfab08f5967f1565b3d806e08a4b9a') in 0.096828 seconds
  Import took 0.120475 seconds .

========================================================================
Received Import Request.
  Time since last request: 0.000311 seconds.
  path: Assets/ModularLowpolyStreetsFree/Prefabs/Other/Components/Pole_1_comp.prefab
  artifactKey: Guid(7317ac3dc606f5c419e9a81b2156c33f) Importer(815301076,1909f56bfc062723c751e8b465ee728b)
Start importing Assets/ModularLowpolyStreetsFree/Prefabs/Other/Components/Pole_1_comp.prefab using Guid(7317ac3dc606f5c419e9a81b2156c33f) Importer(815301076,1909f56bfc062723c751e8b465ee728b)  -> (artifact id: 'a6a9fa32e4f45d81886280a5e7349405') in 0.024398 seconds
  Import took 0.037261 seconds .

========================================================================
Received Import Request.
  Time since last request: 258.315445 seconds.
  path: Assets/Scenes/map 1.unity
  artifactKey: Guid(8fe107d9c6e150d46b0e78831fe08877) Importer(815301076,1909f56bfc062723c751e8b465ee728b)
Start importing Assets/Scenes/map 1.unity using Guid(8fe107d9c6e150d46b0e78831fe08877) Importer(815301076,1909f56bfc062723c751e8b465ee728b)  -> (artifact id: '74513a4f838f665ffc19dc8f74a6792b') in 0.007480 seconds
  Import took 0.031519 seconds .

========================================================================
Received Prepare
Registering precompiled user dll's ...
Registered in 0.002539 seconds.
Begin MonoManager ReloadAssembly
Native extension for WindowsStandalone target not found
Refreshing native plugins compatible for Editor in 1.07 ms, found 0 plugins.
Preloading 0 native plugins for Editor in 0.00 ms.
Mono: successfully reloaded assembly
- Completed reload, in  2.654 seconds
Platform modules already initialized, skipping
Refreshing native plugins compatible for Editor in 0.34 ms, found 0 plugins.
Preloading 0 native plugins for Editor in 0.00 ms.
Unloading 1116 Unused Serialized files (Serialized files now loaded: 0)
System memory in use before: 75.2 MB.
System memory in use after: 75.2 MB.

Unloading 5 unused Assets to reduce memory usage. Loaded Objects now: 1602.
Total: 2.778900 ms (FindLiveObjects: 0.205800 ms CreateObjectMapping: 0.038700 ms MarkObjects: 2.412100 ms  DeleteObjects: 0.120400 ms)

========================================================================
Received Import Request.
  Time since last request: 220.532350 seconds.
  path: Assets/Scripts/New Physic Material.physicMaterial
  artifactKey: Guid(00e2254f76100f54dbb3c66192d23bfb) Importer(815301076,1909f56bfc062723c751e8b465ee728b)
Start importing Assets/Scripts/New Physic Material.physicMaterial using Guid(00e2254f76100f54dbb3c66192d23bfb) Importer(815301076,1909f56bfc062723c751e8b465ee728b)  -> (artifact id: '903af9dd8c9a86789ec9d94a7de2c374') in 0.020540 seconds
  Import took 0.035681 seconds .

========================================================================
Received Prepare
Registering precompiled user dll's ...
Registered in 0.001932 seconds.
Begin MonoManager ReloadAssembly
Native extension for WindowsStandalone target not found
Refreshing native plugins compatible for Editor in 0.57 ms, found 0 plugins.
Preloading 0 native plugins for Editor in 0.00 ms.
Mono: successfully reloaded assembly
- Completed reload, in  3.469 seconds
Platform modules already initialized, skipping
Refreshing native plugins compatible for Editor in 0.77 ms, found 0 plugins.
Preloading 0 native plugins for Editor in 0.00 ms.
Unloading 1116 Unused Serialized files (Serialized files now loaded: 0)
System memory in use before: 75.2 MB.
System memory in use after: 75.3 MB.

Unloading 5 unused Assets to reduce memory usage. Loaded Objects now: 1605.
Total: 7.945000 ms (FindLiveObjects: 0.532500 ms CreateObjectMapping: 0.585600 ms MarkObjects: 6.678800 ms  DeleteObjects: 0.142000 ms)

========================================================================
Received Import Request.
  Time since last request: 172.833982 seconds.
  path: Assets/Scripts/CameraTrail.cs
  artifactKey: Guid(cf1b3f7286369a44b83ee0f036332e86) Importer(815301076,1909f56bfc062723c751e8b465ee728b)
Start importing Assets/Scripts/CameraTrail.cs using Guid(cf1b3f7286369a44b83ee0f036332e86) Importer(815301076,1909f56bfc062723c751e8b465ee728b)  -> (artifact id: 'e7acc3aae64470008e66bf812a4fcaea') in 0.184989 seconds
  Import took 0.189653 seconds .

========================================================================
Received Import Request.
  Time since last request: 2.776421 seconds.
  path: Assets/Scripts/SpawnTile2.cs
  artifactKey: Guid(91427e8da89728b47ba714f11af5c7b8) Importer(815301076,1909f56bfc062723c751e8b465ee728b)
Start importing Assets/Scripts/SpawnTile2.cs using Guid(91427e8da89728b47ba714f11af5c7b8) Importer(815301076,1909f56bfc062723c751e8b465ee728b)  -> (artifact id: 'ea577df3be418c0cd421cc7e66dc68eb') in 0.008402 seconds
  Import took 0.045874 seconds .

========================================================================
Received Prepare
Registering precompiled user dll's ...
Registered in 0.001628 seconds.
Begin MonoManager ReloadAssembly
Native extension for WindowsStandalone target not found
Refreshing native plugins compatible for Editor in 0.46 ms, found 0 plugins.
Preloading 0 native plugins for Editor in 0.00 ms.
Mono: successfully reloaded assembly
- Completed reload, in  1.578 seconds
Platform modules already initialized, skipping
Refreshing native plugins compatible for Editor in 0.29 ms, found 0 plugins.
Preloading 0 native plugins for Editor in 0.00 ms.
Unloading 1116 Unused Serialized files (Serialized files now loaded: 0)
System memory in use before: 75.2 MB.
System memory in use after: 75.3 MB.

Unloading 5 unused Assets to reduce memory usage. Loaded Objects now: 1608.
Total: 3.614300 ms (FindLiveObjects: 0.285900 ms CreateObjectMapping: 0.069800 ms MarkObjects: 3.129500 ms  DeleteObjects: 0.125900 ms)

AssetImportWorkerClient::OnTransportError - code=2 error=End of file
